This is pdfTeX, Version 3.14159265-2.6-1.40.18 (TeX Live 2017) (preloaded format=pdflatex 2018.3.10)  6 APR 2019 12:50
entering extended mode
 restricted \write18 enabled.
 %&-line parsing enabled.
**Exercise_1.tex
(./Exercise_1.tex
LaTeX2e <2017-04-15>
Babel <3.10> and hyphenation patterns for 84 language(s) loaded.
(/usr/local/texlive/2017/texmf-dist/tex/latex/base/book.cls
Document Class: book 2014/09/29 v1.4h Standard LaTeX document class
(/usr/local/texlive/2017/texmf-dist/tex/latex/base/bk12.clo
File: bk12.clo 2014/09/29 v1.4h Standard LaTeX file (size option)
)
\c@part=\count79
\c@chapter=\count80
\c@section=\count81
\c@subsection=\count82
\c@subsubsection=\count83
\c@paragraph=\count84
\c@subparagraph=\count85
\c@figure=\count86
\c@table=\count87
\abovecaptionskip=\skip41
\belowcaptionskip=\skip42
\bibindent=\dimen102
)
(/usr/local/texlive/2017/texmf-dist/tex/latex/chngcntr/chngcntr.sty
Package: chngcntr 2009/09/02 v1.0a change counter resetting
)
(/usr/local/texlive/2017/texmf-dist/tex/latex/footmisc/footmisc.sty
Package: footmisc 2011/06/06 v5.5b a miscellany of footnote facilities
\FN@temptoken=\toks14
\footnotemargin=\dimen103
\c@pp@next@reset=\count88
Package footmisc Info: Declaring symbol style bringhurst on input line 855.
Package footmisc Info: Declaring symbol style chicago on input line 863.
Package footmisc Info: Declaring symbol style wiley on input line 872.
Package footmisc Info: Declaring symbol style lamport-robust on input line 883.

Package footmisc Info: Declaring symbol style lamport* on input line 903.
Package footmisc Info: Declaring symbol style lamport*-robust on input line 924
.
)
(/usr/local/texlive/2017/texmf-dist/tex/latex/base/inputenc.sty
Package: inputenc 2015/03/17 v1.2c Input encoding file
\inpenc@prehook=\toks15
\inpenc@posthook=\toks16

(/usr/local/texlive/2017/texmf-dist/tex/latex/base/applemac.def
File: applemac.def 2015/03/17 v1.2c Input encoding file
))
(/usr/local/texlive/2017/texmf-dist/tex/generic/babel/babel.sty
Package: babel 2017/05/19 3.10 The Babel package

(/usr/local/texlive/2017/texmf-dist/tex/generic/babel-italian/italian.ldf
Language: italian 2015/03/26 v1.3n Italian support from the babel system

(/usr/local/texlive/2017/texmf-dist/tex/generic/babel/babel.def
File: babel.def 2017/05/19 3.10 Babel common definitions
\babel@savecnt=\count89
\U@D=\dimen104
)
\it@lettering=\count90
\it@doublequoteactive=\count91
\it@ISOcompliance=\count92
))
(/usr/local/texlive/2017/texmf-dist/tex/latex/etoolbox/etoolbox.sty
Package: etoolbox 2017/01/02 v2.4 e-TeX tools for LaTeX (JAW)
\etb@tempcnta=\count93
)
(/usr/local/texlive/2017/texmf-dist/tex/latex/guitlogo/guit.sty
Package: guit 2012/08/17 v0.9.2 Logo del GuIT

(/usr/local/texlive/2017/texmf-dist/tex/latex/graphics/graphics.sty
Package: graphics 2017/04/14 v1.1b Standard LaTeX Graphics (DPC,SPQR)

(/usr/local/texlive/2017/texmf-dist/tex/latex/graphics/trig.sty
Package: trig 2016/01/03 v1.10 sin cos tan (DPC)
)
(/usr/local/texlive/2017/texmf-dist/tex/latex/graphics-cfg/graphics.cfg
File: graphics.cfg 2016/06/04 v1.11 sample graphics configuration
)
Package graphics Info: Driver file: pdftex.def on input line 99.

(/usr/local/texlive/2017/texmf-dist/tex/latex/graphics-def/pdftex.def
File: pdftex.def 2017/01/12 v0.06k Graphics/color for pdfTeX

(/usr/local/texlive/2017/texmf-dist/tex/generic/oberdiek/infwarerr.sty
Package: infwarerr 2016/05/16 v1.4 Providing info/warning/error messages (HO)
)
(/usr/local/texlive/2017/texmf-dist/tex/generic/oberdiek/ltxcmds.sty
Package: ltxcmds 2016/05/16 v1.23 LaTeX kernel commands for general use (HO)
)
\Gread@gobject=\count94
))
(/usr/local/texlive/2017/texmf-dist/tex/latex/url/url.sty
\Urlmuskip=\muskip10
Package: url 2013/09/16  ver 3.4  Verb mode for urls, etc.
)
(/usr/local/texlive/2017/texmf-dist/tex/latex/xcolor/xcolor.sty
Package: xcolor 2016/05/11 v2.12 LaTeX color extensions (UK)

(/usr/local/texlive/2017/texmf-dist/tex/latex/graphics-cfg/color.cfg
File: color.cfg 2016/01/02 v1.6 sample color configuration
)
Package xcolor Info: Driver file: pdftex.def on input line 225.
Package xcolor Info: Model `cmy' substituted by `cmy0' on input line 1348.
Package xcolor Info: Model `hsb' substituted by `rgb' on input line 1352.
Package xcolor Info: Model `RGB' extended on input line 1364.
Package xcolor Info: Model `HTML' substituted by `rgb' on input line 1366.
Package xcolor Info: Model `Hsb' substituted by `hsb' on input line 1367.
Package xcolor Info: Model `tHsb' substituted by `hsb' on input line 1368.
Package xcolor Info: Model `HSB' substituted by `hsb' on input line 1369.
Package xcolor Info: Model `Gray' substituted by `gray' on input line 1370.
Package xcolor Info: Model `wave' substituted by `hsb' on input line 1371.
)
(/usr/local/texlive/2017/texmf-dist/tex/latex/xkeyval/xkeyval.sty
Package: xkeyval 2014/12/03 v2.7a package option processing (HA)

(/usr/local/texlive/2017/texmf-dist/tex/generic/xkeyval/xkeyval.tex
(/usr/local/texlive/2017/texmf-dist/tex/generic/xkeyval/xkvutils.tex
\XKV@toks=\toks17
\XKV@tempa@toks=\toks18

(/usr/local/texlive/2017/texmf-dist/tex/generic/xkeyval/keyval.tex))
\XKV@depth=\count95
File: xkeyval.tex 2014/12/03 v2.7a key=value parser (HA)
))
(/usr/local/texlive/2017/texmf-dist/tex/latex/guitlogo/guit.cfg
File: guit.cfg 2009/07/31 v0.9.1 File di configurazione di guit.sty
))
(/usr/local/texlive/2017/texmf-dist/tex/latex/csquotes/csquotes.sty
Package: csquotes 2017/03/11 v5.2b context-sensitive quotations (JAW)
\csq@reset=\count96
\csq@gtype=\count97
\csq@glevel=\count98
\csq@qlevel=\count99
\csq@maxlvl=\count100
\csq@tshold=\count101
\csq@ltx@everypar=\toks19

(/usr/local/texlive/2017/texmf-dist/tex/latex/csquotes/csquotes.def
File: csquotes.def 2017/03/11 v5.2b csquotes generic definitions (JAW)
)
Package csquotes Info: Trying to load configuration file 'csquotes.cfg'...
Package csquotes Info: ... configuration file loaded successfully.

(/usr/local/texlive/2017/texmf-dist/tex/latex/csquotes/csquotes.cfg
File: csquotes.cfg 
)
Package csquotes Info: Enabling multilingual quotes.
Package csquotes Info: Redefining alias 'italian' -> 'italian/guillemets'.
)
(/usr/local/texlive/2017/texmf-dist/tex/latex/base/fontenc.sty
Package: fontenc 2017/04/05 v2.0i Standard LaTeX package

(/usr/local/texlive/2017/texmf-dist/tex/latex/base/t1enc.def
File: t1enc.def 2017/04/05 v2.0i Standard LaTeX file
LaTeX Font Info:    Redeclaring font encoding T1 on input line 48.
))
(/usr/local/texlive/2017/texmf-dist/tex/latex/graphics/graphicx.sty
Package: graphicx 2014/10/28 v1.0g Enhanced LaTeX Graphics (DPC,SPQR)
\Gin@req@height=\dimen105
\Gin@req@width=\dimen106
)
(/usr/local/texlive/2017/texmf-dist/tex/latex/setspace/setspace.sty
Package: setspace 2011/12/19 v6.7a set line spacing
)
(/usr/local/texlive/2017/texmf-dist/tex/latex/frontespizio/frontespizio.sty
Package: frontespizio 2011/09/21 1.4a (Enrico Gregorio)

(/usr/local/texlive/2017/texmf-dist/tex/latex/tools/afterpage.sty
Package: afterpage 2014/10/28 v1.08 After-Page Package (DPC)
\AP@output=\toks20
\AP@partial=\box26
\AP@footins=\box27
)
(/usr/local/texlive/2017/texmf-dist/tex/generic/oberdiek/atbegshi.sty
Package: atbegshi 2016/06/09 v1.18 At begin shipout hook (HO)

(/usr/local/texlive/2017/texmf-dist/tex/generic/oberdiek/ifpdf.sty
Package: ifpdf 2017/03/15 v3.2 Provides the ifpdf switch
))
(/usr/local/texlive/2017/texmf-dist/tex/latex/environ/environ.sty
Package: environ 2014/05/04 v0.3 A new way to define environments

(/usr/local/texlive/2017/texmf-dist/tex/latex/trimspaces/trimspaces.sty
Package: trimspaces 2009/09/17 v1.1 Trim spaces around a token list
)
\@envbody=\toks21
)
(/usr/local/texlive/2017/texmf-dist/tex/generic/ifxetex/ifxetex.sty
Package: ifxetex 2010/09/12 v0.6 Provides ifxetex conditional
)
\front@out=\write3
\openout3 = `Exercise_1-frn.tex'.

)
(/usr/local/texlive/2017/texmf-dist/tex/latex/imakeidx/imakeidx.sty
Package: imakeidx 2016/10/15 v1.3e Package for typesetting indices in a synchro
nous mode

(/usr/local/texlive/2017/texmf-dist/tex/generic/oberdiek/ifluatex.sty
Package: ifluatex 2016/05/16 v1.4 Provides the ifluatex switch (HO)
Package ifluatex Info: LuaTeX not detected.
)
(/usr/local/texlive/2017/texmf-dist/tex/latex/tools/multicol.sty
Package: multicol 2017/04/11 v1.8q multicolumn formatting (FMi)
\c@tracingmulticols=\count102
\mult@box=\box28
\multicol@leftmargin=\dimen107
\c@unbalance=\count103
\c@collectmore=\count104
\doublecol@number=\count105
\multicoltolerance=\count106
\multicolpretolerance=\count107
\full@width=\dimen108
\page@free=\dimen109
\premulticols=\dimen110
\postmulticols=\dimen111
\multicolsep=\skip43
\multicolbaselineskip=\skip44
\partial@page=\box29
\last@line=\box30
\maxbalancingoverflow=\dimen112
\mult@rightbox=\box31
\mult@grightbox=\box32
\mult@gfirstbox=\box33
\mult@firstbox=\box34
\@tempa=\box35
\@tempa=\box36
\@tempa=\box37
\@tempa=\box38
\@tempa=\box39
\@tempa=\box40
\@tempa=\box41
\@tempa=\box42
\@tempa=\box43
\@tempa=\box44
\@tempa=\box45
\@tempa=\box46
\@tempa=\box47
\@tempa=\box48
\@tempa=\box49
\@tempa=\box50
\@tempa=\box51
\c@columnbadness=\count108
\c@finalcolumnbadness=\count109
\last@try=\dimen113
\multicolovershoot=\dimen114
\multicolundershoot=\dimen115
\mult@nat@firstbox=\box52
\colbreak@box=\box53
\mc@col@check@num=\count110
))
(/usr/local/texlive/2017/texmf-dist/tex/latex/midpage/midpage.sty
Package: midpage 2009/09/03 v1.1a vertical centering
)
\Exercise_1@idxfile=\write4
\openout4 = `Exercise_1.idx'.


Writing index file Exercise_1.idx
Package csquotes Info: Checking for multilingual support...
Package csquotes Info: ... found 'babel' package.
(./Exercise_1.aux)
\openout1 = `Exercise_1.aux'.

LaTeX Font Info:    Checking defaults for OML/cmm/m/it on input line 15.
LaTeX Font Info:    ... okay on input line 15.
LaTeX Font Info:    Checking defaults for T1/cmr/m/n on input line 15.
LaTeX Font Info:    ... okay on input line 15.
LaTeX Font Info:    Checking defaults for OT1/cmr/m/n on input line 15.
LaTeX Font Info:    ... okay on input line 15.
LaTeX Font Info:    Checking defaults for OMS/cmsy/m/n on input line 15.
LaTeX Font Info:    ... okay on input line 15.
LaTeX Font Info:    Checking defaults for OMX/cmex/m/n on input line 15.
LaTeX Font Info:    ... okay on input line 15.
LaTeX Font Info:    Checking defaults for U/cmr/m/n on input line 15.
LaTeX Font Info:    ... okay on input line 15.
LaTeX Info: Redefining \it@ocap on input line 15.
LaTeX Info: Redefining \it@ccap on input line 15.

(/usr/local/texlive/2017/texmf-dist/tex/context/base/mkii/supp-pdf.mkii
[Loading MPS to PDF converter (version 2006.09.02).]
\scratchcounter=\count111
\scratchdimen=\dimen116
\scratchbox=\box54
\nofMPsegments=\count112
\nofMParguments=\count113
\everyMPshowfont=\toks22
\MPscratchCnt=\count114
\MPscratchDim=\dimen117
\MPnumerator=\count115
\makeMPintoPDFobject=\count116
\everyMPtoPDFconversion=\toks23
) (/usr/local/texlive/2017/texmf-dist/tex/generic/oberdiek/pdftexcmds.sty
Package: pdftexcmds 2017/03/19 v0.25 Utility functions of pdfTeX for LuaTeX (HO
)
Package pdftexcmds Info: LuaTeX not detected.
Package pdftexcmds Info: \pdf@primitive is available.
Package pdftexcmds Info: \pdf@ifprimitive is available.
Package pdftexcmds Info: \pdfdraftmode found.
)
(/usr/local/texlive/2017/texmf-dist/tex/latex/oberdiek/epstopdf-base.sty
Package: epstopdf-base 2016/05/15 v2.6 Base part for package epstopdf

(/usr/local/texlive/2017/texmf-dist/tex/latex/oberdiek/grfext.sty
Package: grfext 2016/05/16 v1.2 Manage graphics extensions (HO)

(/usr/local/texlive/2017/texmf-dist/tex/generic/oberdiek/kvdefinekeys.sty
Package: kvdefinekeys 2016/05/16 v1.4 Define keys (HO)
))
(/usr/local/texlive/2017/texmf-dist/tex/latex/oberdiek/kvoptions.sty
Package: kvoptions 2016/05/16 v3.12 Key value format for package options (HO)

(/usr/local/texlive/2017/texmf-dist/tex/generic/oberdiek/kvsetkeys.sty
Package: kvsetkeys 2016/05/16 v1.17 Key value parser (HO)

(/usr/local/texlive/2017/texmf-dist/tex/generic/oberdiek/etexcmds.sty
Package: etexcmds 2016/05/16 v1.6 Avoid name clashes with e-TeX commands (HO)
Package etexcmds Info: Could not find \expanded.
(etexcmds)             That can mean that you are not using pdfTeX 1.50 or
(etexcmds)             that some package has redefined \expanded.
(etexcmds)             In the latter case, load this package earlier.
)))
Package epstopdf-base Info: Redefining graphics rule for `.eps' on input line 4
38.
Package grfext Info: Graphics extension search list:
(grfext)             [.png,.pdf,.jpg,.mps,.jpeg,.jbig2,.jb2,.PNG,.PDF,.JPG,.JPE
G,.JBIG2,.JB2,.eps]
(grfext)             \AppendGraphicsExtensions on input line 456.

(/usr/local/texlive/2017/texmf-dist/tex/latex/latexconfig/epstopdf-sys.cfg
File: epstopdf-sys.cfg 2010/07/13 v1.3 Configuration of (r)epstopdf for TeX Liv
e
))
\AtBeginShipoutBox=\box55

[1{/usr/local/texlive/2017/texmf-var/fonts/map/pdftex/updmap/pdftex.map}

]
LaTeX Font Info:    External font `cmex10' loaded for size
(Font)              <12> on input line 28.
LaTeX Font Info:    External font `cmex10' loaded for size
(Font)              <8> on input line 28.
LaTeX Font Info:    External font `cmex10' loaded for size
(Font)              <6> on input line 28.

<comparison.png, id=8, 481.8pt x 361.35pt>
File: comparison.png Graphic file (type png)
 <use comparison.png>
Package pdftex.def Info: comparison.png used on input line 35.
(pdftex.def)             Requested size: 303.49884pt x 227.62204pt.
 [2 <./comparison.png>] [3] (./Exercise_1.aux) ) 
Here is how much of TeX's memory you used:
 4700 strings out of 492995
 65704 string characters out of 6132704
 158270 words of memory out of 5000000
 8145 multiletter control sequences out of 15000+600000
 11634 words of font info for 30 fonts, out of 8000000 for 9000
 1141 hyphenation exceptions out of 8191
 39i,6n,41p,792b,343s stack positions out of 5000i,500n,10000p,200000b,80000s
{/usr/local/texlive/2017/texmf-
dist/fonts/enc/dvips/cm-super/cm-super-t1.enc}</usr/local/texlive/2017/texmf-di
st/fonts/type1/public/amsfonts/cm/cmmi12.pfb></usr/local/texlive/2017/texmf-dis
t/fonts/type1/public/amsfonts/cm/cmmi8.pfb></usr/local/texlive/2017/texmf-dist/
fonts/type1/public/amsfonts/cm/cmr12.pfb></usr/local/texlive/2017/texmf-dist/fo
nts/type1/public/cm-super/sfbx1728.pfb></usr/local/texlive/2017/texmf-dist/font
s/type1/public/cm-super/sfcc1440.pfb></usr/local/texlive/2017/texmf-dist/fonts/
type1/public/cm-super/sfrm1200.pfb></usr/local/texlive/2017/texmf-dist/fonts/ty
pe1/public/cm-super/sfti1200.pfb>
Output written on Exercise_1.pdf (3 pages, 106627 bytes).
PDF statistics:
 45 PDF objects out of 1000 (max. 8388607)
 30 compressed objects within 1 object stream
 0 named destinations out of 1000 (max. 500000)
 6 words of extra memory for PDF output out of 10000 (max. 10000000)

